<?xml version="1.0" encoding="UTF-8"?>
<!-- Generated by org.testng.reporters.JUnitReportReporter -->
<testsuite hostname="apples-MBP" failures="0" tests="2" name="com.mb.newTest.newTest" time="0.007" errors="0" timestamp="2021-02-09T13:27:52 IST" skipped="0">
  <testcase classname="com.mb.newTest.newTest" name="testCase1" time="0.006"/>
  <system-out/>
  <testcase classname="com.mb.newTest.newTest" name="testCase2" time="0.001"/>
  <system-out/>
</testsuite> <!-- com.mb.newTest.newTest -->
